[0.020s] Invoking command in '/home/youssefchebil/dev_ws/build/gazebo_msgs': DEBUGINFOD_URLS=https://debuginfod.ubuntu.com /usr/bin/cmake /home/youssefchebil/dev_ws/src/gazebo_ros_pkgs/gazebo_msgs -DCATKIN_INSTALL_INTO_PREFIX_ROOT=0 -DCATKIN_SYMLINK_INSTALL=ON -DCMAKE_INSTALL_PREFIX=/home/youssefchebil/dev_ws/install/gazebo_msgs
[0.040s] [0mCMake Deprecation Warning at CMakeLists.txt:1 (cmake_minimum_required):
[0.040s]   Compatibility with CMake < 3.5 will be removed from a future version of
[0.041s]   CMake.
[0.041s] 
[0.051s]   Update the VERSION argument <min> value or use a ...<max> suffix to tell
[0.051s]   CMake that the project does not need compatibility with older versions.
[0.051s] 
[0.051s] [0m
[0.401s] -- The C compiler identification is GNU 13.2.0
[0.744s] -- The CXX compiler identification is GNU 13.2.0
[0.789s] -- Detecting C compiler ABI info
[0.936s] -- Detecting C compiler ABI info - done
[0.947s] -- Check for working C compiler: /usr/bin/cc - skipped
[0.948s] -- Detecting C compile features
[0.950s] -- Detecting C compile features - done
[0.975s] -- Detecting CXX compiler ABI info
[1.122s] -- Detecting CXX compiler ABI info - done
[1.139s] -- Check for working CXX compiler: /usr/bin/c++ - skipped
[1.140s] -- Detecting CXX compile features
[1.140s] -- Detecting CXX compile features - done
[1.175s] -- Configuring incomplete, errors occurred!
[1.176s] [31mCMake Error at CMakeLists.txt:4 (find_package):
[1.176s]   By not providing "Findcatkin.cmake" in CMAKE_MODULE_PATH this project has
[1.176s]   asked CMake to find a package configuration file provided by "catkin", but
[1.176s]   CMake did not find one.
[1.176s] 
[1.176s]   Could not find a package configuration file provided by "catkin" with any
[1.176s]   of the following names:
[1.177s] 
[1.177s]     catkinConfig.cmake
[1.177s]     catkin-config.cmake
[1.177s] 
[1.177s]   Add the installation prefix of "catkin" to CMAKE_PREFIX_PATH or set
[1.177s]   "catkin_DIR" to a directory containing one of the above files.  If "catkin"
[1.177s]   provides a separate development package or SDK, be sure it has been
[1.177s]   installed.
[1.177s] 
[1.177s] [0m
[1.181s] Invoked command in '/home/youssefchebil/dev_ws/build/gazebo_msgs' returned '1': DEBUGINFOD_URLS=https://debuginfod.ubuntu.com /usr/bin/cmake /home/youssefchebil/dev_ws/src/gazebo_ros_pkgs/gazebo_msgs -DCATKIN_INSTALL_INTO_PREFIX_ROOT=0 -DCATKIN_SYMLINK_INSTALL=ON -DCMAKE_INSTALL_PREFIX=/home/youssefchebil/dev_ws/install/gazebo_msgs
