[0.046s] Invoking command in '/home/youssefchebil/dev_ws/build/first_package': CMAKE_PREFIX_PATH=${CMAKE_PREFIX_PATH}:/opt/ros/jazzy DEBUGINFOD_URLS=https://debuginfod.ubuntu.com /usr/bin/cmake /home/youssefchebil/dev_ws/src/first_package -DAMENT_CMAKE_SYMLINK_INSTALL=1 -DCMAKE_INSTALL_PREFIX=/home/youssefchebil/dev_ws/install/first_package
[0.136s] -- The C compiler identification is GNU 13.2.0
[0.256s] -- The CXX compiler identification is GNU 13.2.0
[0.274s] -- Detecting C compiler ABI info
[0.432s] -- Detecting C compiler ABI info - done
[0.459s] -- Check for working C compiler: /usr/bin/cc - skipped
[0.459s] -- Detecting C compile features
[0.459s] -- Detecting C compile features - done
[0.477s] -- Detecting CXX compiler ABI info
[0.622s] -- Detecting CXX compiler ABI info - done
[0.630s] -- Check for working CXX compiler: /usr/bin/c++ - skipped
[0.630s] -- Detecting CXX compile features
[0.630s] -- Detecting CXX compile features - done
[0.634s] -- Found ament_cmake: 2.5.2 (/home/youssefchebil/ros2_jazzy_linux/ros2-linux/share/ament_cmake/cmake)
[0.773s] -- Found Python3: /usr/bin/python3 (found version "3.12.3") found components: Interpreter 
[0.832s] -- Override CMake install command with custom implementation using symlinks instead of copying resources
[0.857s] -- Found ament_lint_auto: 0.17.1 (/home/youssefchebil/ros2_jazzy_linux/ros2-linux/share/ament_lint_auto/cmake)
[0.939s] -- Added test 'flake8' to check Python code syntax and style conventions
[0.939s] -- Configured 'flake8' exclude dirs and/or files: 
[0.939s] -- Added test 'lint_cmake' to check CMake code style
[0.939s] -- Added test 'pep257' to check Python code against some of the docstring style conventions in PEP 257
[0.939s] -- Added test 'xmllint' to check XML markup files
[0.940s] -- Configuring done (0.9s)
[0.991s] -- Generating done (0.0s)
[0.997s] -- Build files have been written to: /home/youssefchebil/dev_ws/build/first_package
[1.024s] Invoked command in '/home/youssefchebil/dev_ws/build/first_package' returned '0': CMAKE_PREFIX_PATH=${CMAKE_PREFIX_PATH}:/opt/ros/jazzy DEBUGINFOD_URLS=https://debuginfod.ubuntu.com /usr/bin/cmake /home/youssefchebil/dev_ws/src/first_package -DAMENT_CMAKE_SYMLINK_INSTALL=1 -DCMAKE_INSTALL_PREFIX=/home/youssefchebil/dev_ws/install/first_package
[1.024s] Invoking command in '/home/youssefchebil/dev_ws/build/first_package': CMAKE_PREFIX_PATH=${CMAKE_PREFIX_PATH}:/opt/ros/jazzy DEBUGINFOD_URLS=https://debuginfod.ubuntu.com /usr/bin/cmake --build /home/youssefchebil/dev_ws/build/first_package -- -j10 -l10
[1.085s] Invoked command in '/home/youssefchebil/dev_ws/build/first_package' returned '0': CMAKE_PREFIX_PATH=${CMAKE_PREFIX_PATH}:/opt/ros/jazzy DEBUGINFOD_URLS=https://debuginfod.ubuntu.com /usr/bin/cmake --build /home/youssefchebil/dev_ws/build/first_package -- -j10 -l10
[1.133s] Invoking command in '/home/youssefchebil/dev_ws/build/first_package': CMAKE_PREFIX_PATH=${CMAKE_PREFIX_PATH}:/opt/ros/jazzy DEBUGINFOD_URLS=https://debuginfod.ubuntu.com /usr/bin/cmake --install /home/youssefchebil/dev_ws/build/first_package
[1.143s] -- Install configuration: ""
[1.143s] -- Execute custom install script
[1.144s] -- Symlinking: /home/youssefchebil/dev_ws/install/first_package/share/first_package/launch/listener.launch.py
[1.159s] -- Symlinking: /home/youssefchebil/dev_ws/install/first_package/share/first_package/launch/talker.launch.py
[1.169s] -- Symlinking: /home/youssefchebil/dev_ws/install/first_package/share/ament_index/resource_index/package_run_dependencies/first_package
[1.178s] -- Symlinking: /home/youssefchebil/dev_ws/install/first_package/share/ament_index/resource_index/parent_prefix_path/first_package
[1.189s] -- Symlinking: /home/youssefchebil/dev_ws/install/first_package/share/first_package/environment/ament_prefix_path.sh
[1.203s] -- Symlinking: /home/youssefchebil/dev_ws/install/first_package/share/first_package/environment/ament_prefix_path.dsv
[1.213s] -- Symlinking: /home/youssefchebil/dev_ws/install/first_package/share/first_package/environment/path.sh
[1.221s] -- Symlinking: /home/youssefchebil/dev_ws/install/first_package/share/first_package/environment/path.dsv
[1.230s] -- Symlinking: /home/youssefchebil/dev_ws/install/first_package/share/first_package/local_setup.bash
[1.239s] -- Symlinking: /home/youssefchebil/dev_ws/install/first_package/share/first_package/local_setup.sh
[1.259s] -- Symlinking: /home/youssefchebil/dev_ws/install/first_package/share/first_package/local_setup.zsh
[1.269s] -- Symlinking: /home/youssefchebil/dev_ws/install/first_package/share/first_package/local_setup.dsv
[1.278s] -- Symlinking: /home/youssefchebil/dev_ws/install/first_package/share/first_package/package.dsv
[1.286s] -- Symlinking: /home/youssefchebil/dev_ws/install/first_package/share/ament_index/resource_index/packages/first_package
[1.298s] -- Symlinking: /home/youssefchebil/dev_ws/install/first_package/share/first_package/cmake/first_packageConfig.cmake
[1.306s] -- Symlinking: /home/youssefchebil/dev_ws/install/first_package/share/first_package/cmake/first_packageConfig-version.cmake
[1.316s] -- Symlinking: /home/youssefchebil/dev_ws/install/first_package/share/first_package/package.xml
[1.329s] Invoked command in '/home/youssefchebil/dev_ws/build/first_package' returned '0': CMAKE_PREFIX_PATH=${CMAKE_PREFIX_PATH}:/opt/ros/jazzy DEBUGINFOD_URLS=https://debuginfod.ubuntu.com /usr/bin/cmake --install /home/youssefchebil/dev_ws/build/first_package
