[0.019s] Invoking command in '/home/youssefchebil/dev_ws/build/first_package': CMAKE_PREFIX_PATH=${CMAKE_PREFIX_PATH}:/opt/ros/jazzy DEBUGINFOD_URLS=https://debuginfod.ubuntu.com /usr/bin/cmake --build /home/youssefchebil/dev_ws/build/first_package -- -j5 -l5
[0.043s] -- Found ament_cmake: 2.5.2 (/home/youssefchebil/ros2_jazzy_linux/ros2-linux/share/ament_cmake/cmake)
[0.224s] -- Override CMake install command with custom implementation using symlinks instead of copying resources
[0.225s] -- Found ament_lint_auto: 0.17.1 (/home/youssefchebil/ros2_jazzy_linux/ros2-linux/share/ament_lint_auto/cmake)
[0.353s] -- Added test 'flake8' to check Python code syntax and style conventions
[0.354s] -- Configured 'flake8' exclude dirs and/or files: 
[0.354s] -- Added test 'lint_cmake' to check CMake code style
[0.354s] -- Added test 'pep257' to check Python code against some of the docstring style conventions in PEP 257
[0.354s] -- Added test 'xmllint' to check XML markup files
[0.354s] -- Configuring done (0.3s)
[0.354s] -- Generating done (0.0s)
[0.356s] -- Build files have been written to: /home/youssefchebil/dev_ws/build/first_package
[0.390s] Invoked command in '/home/youssefchebil/dev_ws/build/first_package' returned '0': CMAKE_PREFIX_PATH=${CMAKE_PREFIX_PATH}:/opt/ros/jazzy DEBUGINFOD_URLS=https://debuginfod.ubuntu.com /usr/bin/cmake --build /home/youssefchebil/dev_ws/build/first_package -- -j5 -l5
[0.430s] Invoking command in '/home/youssefchebil/dev_ws/build/first_package': CMAKE_PREFIX_PATH=${CMAKE_PREFIX_PATH}:/opt/ros/jazzy DEBUGINFOD_URLS=https://debuginfod.ubuntu.com /usr/bin/cmake --install /home/youssefchebil/dev_ws/build/first_package
[0.440s] -- Install configuration: ""
[0.441s] -- Execute custom install script
[0.441s] -- Up-to-date symlink: /home/youssefchebil/dev_ws/install/first_package/share/first_package/launch/display.launch
[0.441s] -- Up-to-date symlink: /home/youssefchebil/dev_ws/install/first_package/share/first_package/launch/listener.launch.py
[0.441s] -- Up-to-date symlink: /home/youssefchebil/dev_ws/install/first_package/share/first_package/launch/talker.launch.py
[0.441s] -- Up-to-date symlink: /home/youssefchebil/dev_ws/install/first_package/share/ament_index/resource_index/package_run_dependencies/first_package
[0.441s] -- Up-to-date symlink: /home/youssefchebil/dev_ws/install/first_package/share/ament_index/resource_index/parent_prefix_path/first_package
[0.441s] -- Up-to-date symlink: /home/youssefchebil/dev_ws/install/first_package/share/first_package/environment/ament_prefix_path.sh
[0.441s] -- Up-to-date symlink: /home/youssefchebil/dev_ws/install/first_package/share/first_package/environment/ament_prefix_path.dsv
[0.441s] -- Up-to-date symlink: /home/youssefchebil/dev_ws/install/first_package/share/first_package/environment/path.sh
[0.441s] -- Up-to-date symlink: /home/youssefchebil/dev_ws/install/first_package/share/first_package/environment/path.dsv
[0.442s] -- Up-to-date symlink: /home/youssefchebil/dev_ws/install/first_package/share/first_package/local_setup.bash
[0.442s] -- Up-to-date symlink: /home/youssefchebil/dev_ws/install/first_package/share/first_package/local_setup.sh
[0.442s] -- Up-to-date symlink: /home/youssefchebil/dev_ws/install/first_package/share/first_package/local_setup.zsh
[0.442s] -- Up-to-date symlink: /home/youssefchebil/dev_ws/install/first_package/share/first_package/local_setup.dsv
[0.442s] -- Symlinking: /home/youssefchebil/dev_ws/install/first_package/share/first_package/package.dsv
[0.451s] -- Up-to-date symlink: /home/youssefchebil/dev_ws/install/first_package/share/ament_index/resource_index/packages/first_package
[0.452s] -- Up-to-date symlink: /home/youssefchebil/dev_ws/install/first_package/share/first_package/cmake/first_packageConfig.cmake
[0.452s] -- Up-to-date symlink: /home/youssefchebil/dev_ws/install/first_package/share/first_package/cmake/first_packageConfig-version.cmake
[0.452s] -- Up-to-date symlink: /home/youssefchebil/dev_ws/install/first_package/share/first_package/package.xml
[0.454s] Invoked command in '/home/youssefchebil/dev_ws/build/first_package' returned '0': CMAKE_PREFIX_PATH=${CMAKE_PREFIX_PATH}:/opt/ros/jazzy DEBUGINFOD_URLS=https://debuginfod.ubuntu.com /usr/bin/cmake --install /home/youssefchebil/dev_ws/build/first_package
