[0.035s] Invoking command in '/home/youssefchebil/dev_ws/build/first_package': CMAKE_PREFIX_PATH=${CMAKE_PREFIX_PATH}:/opt/ros/jazzy DEBUGINFOD_URLS=https://debuginfod.ubuntu.com /usr/bin/cmake --build /home/youssefchebil/dev_ws/build/first_package -- -j5 -l5
[0.119s] -- Found ament_cmake: 2.5.2 (/home/youssefchebil/ros2_jazzy_linux/ros2-linux/share/ament_cmake/cmake)
[0.304s] -- Override CMake install command with custom implementation using symlinks instead of copying resources
[0.340s] -- Found ament_lint_auto: 0.17.1 (/home/youssefchebil/ros2_jazzy_linux/ros2-linux/share/ament_lint_auto/cmake)
[0.428s] -- Added test 'flake8' to check Python code syntax and style conventions
[0.428s] -- Configured 'flake8' exclude dirs and/or files: 
[0.430s] -- Added test 'lint_cmake' to check CMake code style
[0.430s] -- Added test 'pep257' to check Python code against some of the docstring style conventions in PEP 257
[0.432s] -- Added test 'xmllint' to check XML markup files
[0.436s] -- Configuring done (0.3s)
[0.447s] -- Generating done (0.0s)
[0.448s] -- Build files have been written to: /home/youssefchebil/dev_ws/build/first_package
[0.468s] Invoked command in '/home/youssefchebil/dev_ws/build/first_package' returned '0': CMAKE_PREFIX_PATH=${CMAKE_PREFIX_PATH}:/opt/ros/jazzy DEBUGINFOD_URLS=https://debuginfod.ubuntu.com /usr/bin/cmake --build /home/youssefchebil/dev_ws/build/first_package -- -j5 -l5
[0.506s] Invoking command in '/home/youssefchebil/dev_ws/build/first_package': CMAKE_PREFIX_PATH=${CMAKE_PREFIX_PATH}:/opt/ros/jazzy DEBUGINFOD_URLS=https://debuginfod.ubuntu.com /usr/bin/cmake --install /home/youssefchebil/dev_ws/build/first_package
[0.513s] -- Install configuration: ""
[0.513s] -- Execute custom install script
[0.515s] -- Up-to-date symlink: /home/youssefchebil/dev_ws/install/first_package/share/first_package/launch/__pycache__/description.launch.cpython-312.pyc
[0.515s] -- Symlinking: /home/youssefchebil/dev_ws/install/first_package/share/first_package/launch/check_joint.rviz
[0.528s] -- Up-to-date symlink: /home/youssefchebil/dev_ws/install/first_package/share/first_package/launch/description.launch.py
[0.528s] -- Up-to-date symlink: /home/youssefchebil/dev_ws/install/first_package/share/first_package/launch/display.launch.py
[0.529s] -- Symlinking: /home/youssefchebil/dev_ws/install/first_package/share/first_package/launch/gazebo.launch
[0.537s] -- Symlinking: /home/youssefchebil/dev_ws/install/first_package/share/first_package/launch/go2_rviz.launch
[0.546s] -- Up-to-date symlink: /home/youssefchebil/dev_ws/install/first_package/share/first_package/launch/listener.launch.py
[0.546s] -- Up-to-date symlink: /home/youssefchebil/dev_ws/install/first_package/share/first_package/launch/robot_display.launch.py
[0.547s] -- Up-to-date symlink: /home/youssefchebil/dev_ws/install/first_package/share/first_package/launch/talker.launch.py
[0.547s] -- Symlinking: /home/youssefchebil/dev_ws/install/first_package/share/first_package/urdf/example_robot.urdf.xacro
[0.556s] -- Symlinking: /home/youssefchebil/dev_ws/install/first_package/share/first_package/urdf/robot.urdf
[0.564s] -- Symlinking: /home/youssefchebil/dev_ws/install/first_package/share/first_package/urdf/unitree_go2_description.urdf
[0.571s] [31mCMake Error at ament_cmake_symlink_install/ament_cmake_symlink_install.cmake:100 (message):
[0.571s]   ament_cmake_symlink_install_directory() can't find
[0.572s]   '/home/youssefchebil/dev_ws/src/first_package/config'
[0.572s] Call Stack (most recent call first):
[0.572s]   ament_cmake_symlink_install/ament_cmake_symlink_install.cmake:314 (ament_cmake_symlink_install_directory)
[0.572s]   cmake_install.cmake:46 (include)
[0.572s] 
[0.572s] [0m
[0.573s] Invoked command in '/home/youssefchebil/dev_ws/build/first_package' returned '1': CMAKE_PREFIX_PATH=${CMAKE_PREFIX_PATH}:/opt/ros/jazzy DEBUGINFOD_URLS=https://debuginfod.ubuntu.com /usr/bin/cmake --install /home/youssefchebil/dev_ws/build/first_package
