[0.023s] Invoking command in '/home/youssefchebil/dev_ws/build/first_package': CMAKE_PREFIX_PATH=${CMAKE_PREFIX_PATH}:/opt/ros/jazzy DEBUGINFOD_URLS=https://debuginfod.ubuntu.com /usr/bin/cmake /home/youssefchebil/dev_ws/src/first_package -DAMENT_CMAKE_SYMLINK_INSTALL=1 -DCMAKE_INSTALL_PREFIX=/home/youssefchebil/dev_ws/install/first_package
[0.055s] -- Found ament_cmake: 2.5.2 (/home/youssefchebil/ros2_jazzy_linux/ros2-linux/share/ament_cmake/cmake)
[0.279s] -- Override CMake install command with custom implementation using symlinks instead of copying resources
[0.301s] -- Found ament_lint_auto: 0.17.1 (/home/youssefchebil/ros2_jazzy_linux/ros2-linux/share/ament_lint_auto/cmake)
[0.436s] -- Added test 'flake8' to check Python code syntax and style conventions
[0.437s] -- Configured 'flake8' exclude dirs and/or files: 
[0.439s] -- Added test 'lint_cmake' to check CMake code style
[0.439s] -- Added test 'pep257' to check Python code against some of the docstring style conventions in PEP 257
[0.441s] -- Added test 'xmllint' to check XML markup files
[0.443s] -- Configuring done (0.4s)
[0.468s] -- Generating done (0.0s)
[0.471s] -- Build files have been written to: /home/youssefchebil/dev_ws/build/first_package
[0.478s] Invoked command in '/home/youssefchebil/dev_ws/build/first_package' returned '0': CMAKE_PREFIX_PATH=${CMAKE_PREFIX_PATH}:/opt/ros/jazzy DEBUGINFOD_URLS=https://debuginfod.ubuntu.com /usr/bin/cmake /home/youssefchebil/dev_ws/src/first_package -DAMENT_CMAKE_SYMLINK_INSTALL=1 -DCMAKE_INSTALL_PREFIX=/home/youssefchebil/dev_ws/install/first_package
[0.478s] Invoking command in '/home/youssefchebil/dev_ws/build/first_package': CMAKE_PREFIX_PATH=${CMAKE_PREFIX_PATH}:/opt/ros/jazzy DEBUGINFOD_URLS=https://debuginfod.ubuntu.com /usr/bin/cmake --build /home/youssefchebil/dev_ws/build/first_package -- -j5 -l5
[0.559s] Invoked command in '/home/youssefchebil/dev_ws/build/first_package' returned '0': CMAKE_PREFIX_PATH=${CMAKE_PREFIX_PATH}:/opt/ros/jazzy DEBUGINFOD_URLS=https://debuginfod.ubuntu.com /usr/bin/cmake --build /home/youssefchebil/dev_ws/build/first_package -- -j5 -l5
[0.647s] Invoking command in '/home/youssefchebil/dev_ws/build/first_package': CMAKE_PREFIX_PATH=${CMAKE_PREFIX_PATH}:/opt/ros/jazzy DEBUGINFOD_URLS=https://debuginfod.ubuntu.com /usr/bin/cmake --install /home/youssefchebil/dev_ws/build/first_package
[0.664s] -- Install configuration: ""
[0.664s] -- Execute custom install script
[0.665s] -- Up-to-date symlink: /home/youssefchebil/dev_ws/install/first_package/share/first_package/launch/__pycache__/description.launch.cpython-312.pyc
[0.665s] -- Up-to-date symlink: /home/youssefchebil/dev_ws/install/first_package/share/first_package/launch/go2_gazebo.launch.py
[0.665s] -- Up-to-date symlink: /home/youssefchebil/dev_ws/install/first_package/share/first_package/launch/go2_rviz.launch.py
[0.665s] -- Up-to-date symlink: /home/youssefchebil/dev_ws/install/first_package/share/first_package/launch/listener.launch.py
[0.665s] -- Up-to-date symlink: /home/youssefchebil/dev_ws/install/first_package/share/first_package/launch/robot_display.launch.py
[0.665s] -- Up-to-date symlink: /home/youssefchebil/dev_ws/install/first_package/share/first_package/launch/talker.launch.py
[0.665s] -- Up-to-date symlink: /home/youssefchebil/dev_ws/install/first_package/share/first_package/urdf/example_robot.urdf.xacro
[0.665s] -- Up-to-date symlink: /home/youssefchebil/dev_ws/install/first_package/share/first_package/urdf/robot.urdf
[0.665s] -- Up-to-date symlink: /home/youssefchebil/dev_ws/install/first_package/share/first_package/urdf/unitree_go2_description.urdf
[0.665s] -- Up-to-date symlink: /home/youssefchebil/dev_ws/install/first_package/share/first_package/dae/base.dae
[0.665s] -- Up-to-date symlink: /home/youssefchebil/dev_ws/install/first_package/share/first_package/dae/calf.dae
[0.665s] -- Up-to-date symlink: /home/youssefchebil/dev_ws/install/first_package/share/first_package/dae/calf_mirror.dae
[0.665s] -- Up-to-date symlink: /home/youssefchebil/dev_ws/install/first_package/share/first_package/dae/foot.dae
[0.665s] -- Up-to-date symlink: /home/youssefchebil/dev_ws/install/first_package/share/first_package/dae/hip.dae
[0.666s] -- Up-to-date symlink: /home/youssefchebil/dev_ws/install/first_package/share/first_package/dae/thigh.dae
[0.666s] -- Up-to-date symlink: /home/youssefchebil/dev_ws/install/first_package/share/first_package/dae/thigh_mirror.dae
[0.666s] -- Up-to-date symlink: /home/youssefchebil/dev_ws/install/first_package/share/ament_index/resource_index/package_run_dependencies/first_package
[0.666s] -- Up-to-date symlink: /home/youssefchebil/dev_ws/install/first_package/share/ament_index/resource_index/parent_prefix_path/first_package
[0.666s] -- Up-to-date symlink: /home/youssefchebil/dev_ws/install/first_package/share/first_package/environment/ament_prefix_path.sh
[0.666s] -- Up-to-date symlink: /home/youssefchebil/dev_ws/install/first_package/share/first_package/environment/ament_prefix_path.dsv
[0.666s] -- Up-to-date symlink: /home/youssefchebil/dev_ws/install/first_package/share/first_package/environment/path.sh
[0.666s] -- Up-to-date symlink: /home/youssefchebil/dev_ws/install/first_package/share/first_package/environment/path.dsv
[0.666s] -- Up-to-date symlink: /home/youssefchebil/dev_ws/install/first_package/share/first_package/local_setup.bash
[0.666s] -- Up-to-date symlink: /home/youssefchebil/dev_ws/install/first_package/share/first_package/local_setup.sh
[0.666s] -- Up-to-date symlink: /home/youssefchebil/dev_ws/install/first_package/share/first_package/local_setup.zsh
[0.667s] -- Up-to-date symlink: /home/youssefchebil/dev_ws/install/first_package/share/first_package/local_setup.dsv
[0.667s] -- Symlinking: /home/youssefchebil/dev_ws/install/first_package/share/first_package/package.dsv
[0.682s] -- Up-to-date symlink: /home/youssefchebil/dev_ws/install/first_package/share/ament_index/resource_index/packages/first_package
[0.682s] -- Up-to-date symlink: /home/youssefchebil/dev_ws/install/first_package/share/first_package/cmake/first_packageConfig.cmake
[0.683s] -- Up-to-date symlink: /home/youssefchebil/dev_ws/install/first_package/share/first_package/cmake/first_packageConfig-version.cmake
[0.683s] -- Up-to-date symlink: /home/youssefchebil/dev_ws/install/first_package/share/first_package/package.xml
[0.688s] Invoked command in '/home/youssefchebil/dev_ws/build/first_package' returned '0': CMAKE_PREFIX_PATH=${CMAKE_PREFIX_PATH}:/opt/ros/jazzy DEBUGINFOD_URLS=https://debuginfod.ubuntu.com /usr/bin/cmake --install /home/youssefchebil/dev_ws/build/first_package
