[0.067s] Invoking command in '/home/youssefchebil/dev_ws/build/first_package': CMAKE_PREFIX_PATH=${CMAKE_PREFIX_PATH}:/opt/ros/jazzy DEBUGINFOD_URLS=https://debuginfod.ubuntu.com /usr/bin/cmake /home/youssefchebil/dev_ws/src/first_package -DCMAKE_INSTALL_PREFIX=/home/youssefchebil/dev_ws/install/first_package
[0.162s] -- Found ament_cmake: 2.5.2 (/home/youssefchebil/ros2_jazzy_linux/ros2-linux/share/ament_cmake/cmake)
[0.640s] -- Override CMake install command with custom implementation using symlinks instead of copying resources
[0.734s] -- Found ament_lint_auto: 0.17.1 (/home/youssefchebil/ros2_jazzy_linux/ros2-linux/share/ament_lint_auto/cmake)
[0.988s] -- Added test 'flake8' to check Python code syntax and style conventions
[0.988s] -- Configured 'flake8' exclude dirs and/or files: 
[0.992s] -- Added test 'lint_cmake' to check CMake code style
[0.993s] -- Added test 'pep257' to check Python code against some of the docstring style conventions in PEP 257
[0.996s] -- Added test 'xmllint' to check XML markup files
[1.001s] -- Configuring done (0.9s)
[1.031s] -- Generating done (0.0s)
[1.034s] -- Build files have been written to: /home/youssefchebil/dev_ws/build/first_package
[1.040s] Invoked command in '/home/youssefchebil/dev_ws/build/first_package' returned '0': CMAKE_PREFIX_PATH=${CMAKE_PREFIX_PATH}:/opt/ros/jazzy DEBUGINFOD_URLS=https://debuginfod.ubuntu.com /usr/bin/cmake /home/youssefchebil/dev_ws/src/first_package -DCMAKE_INSTALL_PREFIX=/home/youssefchebil/dev_ws/install/first_package
[1.043s] Invoking command in '/home/youssefchebil/dev_ws/build/first_package': CMAKE_PREFIX_PATH=${CMAKE_PREFIX_PATH}:/opt/ros/jazzy DEBUGINFOD_URLS=https://debuginfod.ubuntu.com /usr/bin/cmake --build /home/youssefchebil/dev_ws/build/first_package -- -j5 -l5
[1.127s] Invoked command in '/home/youssefchebil/dev_ws/build/first_package' returned '0': CMAKE_PREFIX_PATH=${CMAKE_PREFIX_PATH}:/opt/ros/jazzy DEBUGINFOD_URLS=https://debuginfod.ubuntu.com /usr/bin/cmake --build /home/youssefchebil/dev_ws/build/first_package -- -j5 -l5
[1.288s] Invoking command in '/home/youssefchebil/dev_ws/build/first_package': CMAKE_PREFIX_PATH=${CMAKE_PREFIX_PATH}:/opt/ros/jazzy DEBUGINFOD_URLS=https://debuginfod.ubuntu.com /usr/bin/cmake --install /home/youssefchebil/dev_ws/build/first_package
[1.305s] -- Install configuration: ""
[1.305s] -- Execute custom install script
[1.307s] -- Symlinking: /home/youssefchebil/dev_ws/install/first_package/share/first_package/launch/display.launch.py
[1.339s] -- Up-to-date symlink: /home/youssefchebil/dev_ws/install/first_package/share/first_package/launch/listener.launch.py
[1.339s] -- Up-to-date symlink: /home/youssefchebil/dev_ws/install/first_package/share/first_package/launch/talker.launch.py
[1.340s] -- Up-to-date symlink: /home/youssefchebil/dev_ws/install/first_package/share/ament_index/resource_index/package_run_dependencies/first_package
[1.342s] -- Up-to-date symlink: /home/youssefchebil/dev_ws/install/first_package/share/ament_index/resource_index/parent_prefix_path/first_package
[1.343s] -- Up-to-date symlink: /home/youssefchebil/dev_ws/install/first_package/share/first_package/environment/ament_prefix_path.sh
[1.344s] -- Up-to-date symlink: /home/youssefchebil/dev_ws/install/first_package/share/first_package/environment/ament_prefix_path.dsv
[1.344s] -- Up-to-date symlink: /home/youssefchebil/dev_ws/install/first_package/share/first_package/environment/path.sh
[1.344s] -- Up-to-date symlink: /home/youssefchebil/dev_ws/install/first_package/share/first_package/environment/path.dsv
[1.345s] -- Up-to-date symlink: /home/youssefchebil/dev_ws/install/first_package/share/first_package/local_setup.bash
[1.345s] -- Up-to-date symlink: /home/youssefchebil/dev_ws/install/first_package/share/first_package/local_setup.sh
[1.346s] -- Up-to-date symlink: /home/youssefchebil/dev_ws/install/first_package/share/first_package/local_setup.zsh
[1.346s] -- Up-to-date symlink: /home/youssefchebil/dev_ws/install/first_package/share/first_package/local_setup.dsv
[1.346s] -- Symlinking: /home/youssefchebil/dev_ws/install/first_package/share/first_package/package.dsv
[1.363s] -- Up-to-date symlink: /home/youssefchebil/dev_ws/install/first_package/share/ament_index/resource_index/packages/first_package
[1.363s] -- Up-to-date symlink: /home/youssefchebil/dev_ws/install/first_package/share/first_package/cmake/first_packageConfig.cmake
[1.363s] -- Up-to-date symlink: /home/youssefchebil/dev_ws/install/first_package/share/first_package/cmake/first_packageConfig-version.cmake
[1.364s] -- Up-to-date symlink: /home/youssefchebil/dev_ws/install/first_package/share/first_package/package.xml
[1.366s] Invoked command in '/home/youssefchebil/dev_ws/build/first_package' returned '0': CMAKE_PREFIX_PATH=${CMAKE_PREFIX_PATH}:/opt/ros/jazzy DEBUGINFOD_URLS=https://debuginfod.ubuntu.com /usr/bin/cmake --install /home/youssefchebil/dev_ws/build/first_package
