[0.303s] DEBUG:colcon:Command line arguments: ['/usr/bin/colcon', 'build']
[0.303s] DEBUG:colcon:Parsed command line arguments: Namespace(log_base=None, log_level=None, verb_name='build', build_base='build', install_base='install', merge_install=False, symlink_install=False, test_result_base=None, continue_on_error=False, executor='parallel', parallel_workers=5, event_handlers=None, ignore_user_meta=False, metas=['./colcon.meta'], base_paths=['.'], packages_ignore=None, packages_ignore_regex=None, paths=None, packages_up_to=None, packages_up_to_regex=None, packages_above=None, packages_above_and_dependencies=None, packages_above_depth=None, packages_select_by_dep=None, packages_skip_by_dep=None, packages_skip_up_to=None, packages_select_build_failed=False, packages_skip_build_finished=False, packages_select_test_failures=False, packages_skip_test_passed=False, packages_select=None, packages_skip=None, packages_select_regex=None, packages_skip_regex=None, packages_start=None, packages_end=None, cmake_args=None, cmake_target=None, cmake_target_skip_unavailable=False, cmake_clean_cache=False, cmake_clean_first=False, cmake_force_configure=False, ament_cmake_args=None, catkin_cmake_args=None, catkin_skip_building_tests=False, verb_parser=<colcon_defaults.argument_parser.defaults.DefaultArgumentsDecorator object at 0x7bc724124860>, verb_extension=<colcon_core.verb.build.BuildVerb object at 0x7bc72422f890>, main=<bound method BuildVerb.main of <colcon_core.verb.build.BuildVerb object at 0x7bc72422f890>>)
[0.448s] Level 1:colcon.colcon_core.package_discovery:discover_packages(colcon_meta) check parameters
[0.448s] Level 1:colcon.colcon_core.package_discovery:discover_packages(recursive) check parameters
[0.448s] Level 1:colcon.colcon_core.package_discovery:discover_packages(ignore) check parameters
[0.448s] Level 1:colcon.colcon_core.package_discovery:discover_packages(path) check parameters
[0.448s] Level 1:colcon.colcon_core.package_discovery:discover_packages(colcon_meta) discover
[0.448s] Level 1:colcon.colcon_core.package_discovery:discover_packages(recursive) discover
[0.448s] INFO:colcon.colcon_core.package_discovery:Crawling recursively for packages in '/home/youssefchebil/dev_ws'
[0.448s] Level 1:colcon.colcon_core.package_identification:_identify(.) by extensions ['ignore', 'ignore_ament_install']
[0.449s] Level 1:colcon.colcon_core.package_identification:_identify(.) by extension 'ignore'
[0.449s] Level 1:colcon.colcon_core.package_identification:_identify(.) by extension 'ignore_ament_install'
[0.449s] Level 1:colcon.colcon_core.package_identification:_identify(.) by extensions ['colcon_pkg']
[0.449s] Level 1:colcon.colcon_core.package_identification:_identify(.) by extension 'colcon_pkg'
[0.449s] Level 1:colcon.colcon_core.package_identification:_identify(.) by extensions ['colcon_meta']
[0.449s] Level 1:colcon.colcon_core.package_identification:_identify(.) by extension 'colcon_meta'
[0.449s] Level 1:colcon.colcon_core.package_identification:_identify(.) by extensions ['ros']
[0.449s] Level 1:colcon.colcon_core.package_identification:_identify(.) by extension 'ros'
[0.498s] Level 1:colcon.colcon_core.package_identification:_identify(.) by extensions ['cmake', 'python']
[0.498s] Level 1:colcon.colcon_core.package_identification:_identify(.) by extension 'cmake'
[0.498s] Level 1:colcon.colcon_core.package_identification:_identify(.) by extension 'python'
[0.498s] Level 1:colcon.colcon_core.package_identification:_identify(.) by extensions ['python_setup_py']
[0.498s] Level 1:colcon.colcon_core.package_identification:_identify(.) by extension 'python_setup_py'
[0.498s] Level 1:colcon.colcon_core.package_identification:_identify(build) by extensions ['ignore', 'ignore_ament_install']
[0.498s] Level 1:colcon.colcon_core.package_identification:_identify(build) by extension 'ignore'
[0.498s] Level 1:colcon.colcon_core.package_identification:_identify(build) ignored
[0.498s] Level 1:colcon.colcon_core.package_identification:_identify(install) by extensions ['ignore', 'ignore_ament_install']
[0.499s] Level 1:colcon.colcon_core.package_identification:_identify(install) by extension 'ignore'
[0.499s] Level 1:colcon.colcon_core.package_identification:_identify(install) ignored
[0.499s] Level 1:colcon.colcon_core.package_identification:_identify(log) by extensions ['ignore', 'ignore_ament_install']
[0.499s] Level 1:colcon.colcon_core.package_identification:_identify(log) by extension 'ignore'
[0.499s] Level 1:colcon.colcon_core.package_identification:_identify(log) ignored
[0.499s] Level 1:colcon.colcon_core.package_identification:_identify(src) by extensions ['ignore', 'ignore_ament_install']
[0.499s] Level 1:colcon.colcon_core.package_identification:_identify(src) by extension 'ignore'
[0.499s] Level 1:colcon.colcon_core.package_identification:_identify(src) by extension 'ignore_ament_install'
[0.499s] Level 1:colcon.colcon_core.package_identification:_identify(src) by extensions ['colcon_pkg']
[0.499s] Level 1:colcon.colcon_core.package_identification:_identify(src) by extension 'colcon_pkg'
[0.499s] Level 1:colcon.colcon_core.package_identification:_identify(src) by extensions ['colcon_meta']
[0.499s] Level 1:colcon.colcon_core.package_identification:_identify(src) by extension 'colcon_meta'
[0.499s] Level 1:colcon.colcon_core.package_identification:_identify(src) by extensions ['ros']
[0.499s] Level 1:colcon.colcon_core.package_identification:_identify(src) by extension 'ros'
[0.499s] Level 1:colcon.colcon_core.package_identification:_identify(src) by extensions ['cmake', 'python']
[0.499s] Level 1:colcon.colcon_core.package_identification:_identify(src) by extension 'cmake'
[0.499s] Level 1:colcon.colcon_core.package_identification:_identify(src) by extension 'python'
[0.499s] Level 1:colcon.colcon_core.package_identification:_identify(src) by extensions ['python_setup_py']
[0.499s] Level 1:colcon.colcon_core.package_identification:_identify(src) by extension 'python_setup_py'
[0.500s] Level 1:colcon.colcon_core.package_identification:_identify(src/first_package) by extensions ['ignore', 'ignore_ament_install']
[0.500s] Level 1:colcon.colcon_core.package_identification:_identify(src/first_package) by extension 'ignore'
[0.500s] Level 1:colcon.colcon_core.package_identification:_identify(src/first_package) by extension 'ignore_ament_install'
[0.500s] Level 1:colcon.colcon_core.package_identification:_identify(src/first_package) by extensions ['colcon_pkg']
[0.500s] Level 1:colcon.colcon_core.package_identification:_identify(src/first_package) by extension 'colcon_pkg'
[0.500s] Level 1:colcon.colcon_core.package_identification:_identify(src/first_package) by extensions ['colcon_meta']
[0.500s] Level 1:colcon.colcon_core.package_identification:_identify(src/first_package) by extension 'colcon_meta'
[0.500s] Level 1:colcon.colcon_core.package_identification:_identify(src/first_package) by extensions ['ros']
[0.500s] Level 1:colcon.colcon_core.package_identification:_identify(src/first_package) by extension 'ros'
[0.508s] DEBUG:colcon.colcon_core.package_identification:Package 'src/first_package' with type 'ros.ament_cmake' and name 'first_package'
[0.508s] Level 1:colcon.colcon_core.package_discovery:discover_packages(recursive) using defaults
[0.508s] Level 1:colcon.colcon_core.package_discovery:discover_packages(ignore) discover
[0.508s] Level 1:colcon.colcon_core.package_discovery:discover_packages(ignore) using defaults
[0.508s] Level 1:colcon.colcon_core.package_discovery:discover_packages(path) discover
[0.508s] Level 1:colcon.colcon_core.package_discovery:discover_packages(path) using defaults
[0.560s] Level 5:colcon.colcon_core.verb:set package 'first_package' build argument 'cmake_args' from command line to 'None'
[0.560s] Level 5:colcon.colcon_core.verb:set package 'first_package' build argument 'cmake_target' from command line to 'None'
[0.560s] Level 5:colcon.colcon_core.verb:set package 'first_package' build argument 'cmake_target_skip_unavailable' from command line to 'False'
[0.560s] Level 5:colcon.colcon_core.verb:set package 'first_package' build argument 'cmake_clean_cache' from command line to 'False'
[0.560s] Level 5:colcon.colcon_core.verb:set package 'first_package' build argument 'cmake_clean_first' from command line to 'False'
[0.560s] Level 5:colcon.colcon_core.verb:set package 'first_package' build argument 'cmake_force_configure' from command line to 'False'
[0.560s] Level 5:colcon.colcon_core.verb:set package 'first_package' build argument 'ament_cmake_args' from command line to 'None'
[0.560s] Level 5:colcon.colcon_core.verb:set package 'first_package' build argument 'catkin_cmake_args' from command line to 'None'
[0.560s] Level 5:colcon.colcon_core.verb:set package 'first_package' build argument 'catkin_skip_building_tests' from command line to 'False'
[0.560s] DEBUG:colcon.colcon_core.verb:Building package 'first_package' with the following arguments: {'ament_cmake_args': None, 'build_base': '/home/youssefchebil/dev_ws/build/first_package', 'catkin_cmake_args': None, 'catkin_skip_building_tests': False, 'cmake_args': None, 'cmake_clean_cache': False, 'cmake_clean_first': False, 'cmake_force_configure': False, 'cmake_target': None, 'cmake_target_skip_unavailable': False, 'install_base': '/home/youssefchebil/dev_ws/install/first_package', 'merge_install': False, 'path': '/home/youssefchebil/dev_ws/src/first_package', 'symlink_install': False, 'test_result_base': None}
[0.560s] INFO:colcon.colcon_core.executor:Executing jobs using 'parallel' executor
[0.563s] DEBUG:colcon.colcon_parallel_executor.executor.parallel:run_until_complete
[0.563s] INFO:colcon.colcon_ros.task.ament_cmake.build:Building ROS package in '/home/youssefchebil/dev_ws/src/first_package' with build type 'ament_cmake'
[0.564s] INFO:colcon.colcon_cmake.task.cmake.build:Building CMake package in '/home/youssefchebil/dev_ws/src/first_package'
[0.587s] INFO:colcon.colcon_core.plugin_system:Skipping extension 'colcon_core.shell.bat': Not used on non-Windows systems
[0.587s] DEBUG:colcon.colcon_core.shell:Skip shell extension 'dsv' for command environment
[0.632s] DEBUG:colcon.colcon_core.event_handler.log_command:Invoking command in '/home/youssefchebil/dev_ws/build/first_package': CMAKE_PREFIX_PATH=${CMAKE_PREFIX_PATH}:/opt/ros/jazzy DEBUGINFOD_URLS=https://debuginfod.ubuntu.com /usr/bin/cmake /home/youssefchebil/dev_ws/src/first_package -DCMAKE_INSTALL_PREFIX=/home/youssefchebil/dev_ws/install/first_package
[1.605s] DEBUG:colcon.colcon_core.event_handler.log_command:Invoked command in '/home/youssefchebil/dev_ws/build/first_package' returned '0': CMAKE_PREFIX_PATH=${CMAKE_PREFIX_PATH}:/opt/ros/jazzy DEBUGINFOD_URLS=https://debuginfod.ubuntu.com /usr/bin/cmake /home/youssefchebil/dev_ws/src/first_package -DCMAKE_INSTALL_PREFIX=/home/youssefchebil/dev_ws/install/first_package
[1.608s] DEBUG:colcon.colcon_core.event_handler.log_command:Invoking command in '/home/youssefchebil/dev_ws/build/first_package': CMAKE_PREFIX_PATH=${CMAKE_PREFIX_PATH}:/opt/ros/jazzy DEBUGINFOD_URLS=https://debuginfod.ubuntu.com /usr/bin/cmake --build /home/youssefchebil/dev_ws/build/first_package -- -j5 -l5
[1.692s] DEBUG:colcon.colcon_core.event_handler.log_command:Invoked command in '/home/youssefchebil/dev_ws/build/first_package' returned '0': CMAKE_PREFIX_PATH=${CMAKE_PREFIX_PATH}:/opt/ros/jazzy DEBUGINFOD_URLS=https://debuginfod.ubuntu.com /usr/bin/cmake --build /home/youssefchebil/dev_ws/build/first_package -- -j5 -l5
[1.852s] DEBUG:colcon.colcon_core.event_handler.log_command:Invoking command in '/home/youssefchebil/dev_ws/build/first_package': CMAKE_PREFIX_PATH=${CMAKE_PREFIX_PATH}:/opt/ros/jazzy DEBUGINFOD_URLS=https://debuginfod.ubuntu.com /usr/bin/cmake --install /home/youssefchebil/dev_ws/build/first_package
[1.930s] Level 1:colcon.colcon_core.environment:create_environment_scripts_only(first_package)
[1.930s] DEBUG:colcon.colcon_core.event_handler.log_command:Invoked command in '/home/youssefchebil/dev_ws/build/first_package' returned '0': CMAKE_PREFIX_PATH=${CMAKE_PREFIX_PATH}:/opt/ros/jazzy DEBUGINFOD_URLS=https://debuginfod.ubuntu.com /usr/bin/cmake --install /home/youssefchebil/dev_ws/build/first_package
[1.947s] Level 1:colcon.colcon_core.environment:checking '/home/youssefchebil/dev_ws/install/first_package' for CMake module files
[1.947s] Level 1:colcon.colcon_core.environment:checking '/home/youssefchebil/dev_ws/install/first_package' for CMake config files
[1.948s] Level 1:colcon.colcon_core.shell:create_environment_hook('first_package', 'cmake_prefix_path')
[1.948s] INFO:colcon.colcon_core.shell:Creating environment descriptor '/home/youssefchebil/dev_ws/install/first_package/share/first_package/hook/cmake_prefix_path.dsv'
[1.949s] INFO:colcon.colcon_core.shell:Creating environment hook '/home/youssefchebil/dev_ws/install/first_package/share/first_package/hook/cmake_prefix_path.sh'
[1.952s] Level 1:colcon.colcon_core.environment:checking '/home/youssefchebil/dev_ws/install/first_package/bin'
[1.952s] Level 1:colcon.colcon_core.environment:checking '/home/youssefchebil/dev_ws/install/first_package/lib/pkgconfig/first_package.pc'
[1.954s] Level 1:colcon.colcon_core.environment:checking '/home/youssefchebil/dev_ws/install/first_package/lib/python3.12/site-packages'
[1.954s] Level 1:colcon.colcon_core.environment:checking '/home/youssefchebil/dev_ws/install/first_package/bin'
[1.954s] INFO:colcon.colcon_core.shell:Creating package descriptor '/home/youssefchebil/dev_ws/install/first_package/share/first_package/package.dsv'
[1.956s] INFO:colcon.colcon_core.shell:Creating package script '/home/youssefchebil/dev_ws/install/first_package/share/first_package/package.sh'
[1.957s] INFO:colcon.colcon_core.shell:Creating package script '/home/youssefchebil/dev_ws/install/first_package/share/first_package/package.bash'
[1.960s] INFO:colcon.colcon_core.shell:Creating package script '/home/youssefchebil/dev_ws/install/first_package/share/first_package/package.zsh'
[1.962s] Level 1:colcon.colcon_core.environment:create_file_with_runtime_dependencies(/home/youssefchebil/dev_ws/install/first_package/share/colcon-core/packages/first_package)
[2.017s] Level 1:colcon.colcon_core.environment:create_environment_scripts_only(first_package)
[2.017s] Level 1:colcon.colcon_core.environment:checking '/home/youssefchebil/dev_ws/install/first_package' for CMake module files
[2.018s] Level 1:colcon.colcon_core.environment:checking '/home/youssefchebil/dev_ws/install/first_package' for CMake config files
[2.018s] Level 1:colcon.colcon_core.shell:create_environment_hook('first_package', 'cmake_prefix_path')
[2.018s] INFO:colcon.colcon_core.shell:Creating environment descriptor '/home/youssefchebil/dev_ws/install/first_package/share/first_package/hook/cmake_prefix_path.dsv'
[2.019s] INFO:colcon.colcon_core.shell:Creating environment hook '/home/youssefchebil/dev_ws/install/first_package/share/first_package/hook/cmake_prefix_path.sh'
[2.020s] Level 1:colcon.colcon_core.environment:checking '/home/youssefchebil/dev_ws/install/first_package/bin'
[2.020s] Level 1:colcon.colcon_core.environment:checking '/home/youssefchebil/dev_ws/install/first_package/lib/pkgconfig/first_package.pc'
[2.021s] Level 1:colcon.colcon_core.environment:checking '/home/youssefchebil/dev_ws/install/first_package/lib/python3.12/site-packages'
[2.021s] Level 1:colcon.colcon_core.environment:checking '/home/youssefchebil/dev_ws/install/first_package/bin'
[2.021s] INFO:colcon.colcon_core.shell:Creating package descriptor '/home/youssefchebil/dev_ws/install/first_package/share/first_package/package.dsv'
[2.022s] INFO:colcon.colcon_core.shell:Creating package script '/home/youssefchebil/dev_ws/install/first_package/share/first_package/package.sh'
[2.023s] INFO:colcon.colcon_core.shell:Creating package script '/home/youssefchebil/dev_ws/install/first_package/share/first_package/package.bash'
[2.024s] INFO:colcon.colcon_core.shell:Creating package script '/home/youssefchebil/dev_ws/install/first_package/share/first_package/package.zsh'
[2.024s] Level 1:colcon.colcon_core.environment:create_file_with_runtime_dependencies(/home/youssefchebil/dev_ws/install/first_package/share/colcon-core/packages/first_package)
[2.025s] DEBUG:colcon.colcon_parallel_executor.executor.parallel:closing loop
[2.025s] DEBUG:colcon.colcon_parallel_executor.executor.parallel:loop closed
[2.025s] DEBUG:colcon.colcon_parallel_executor.executor.parallel:run_until_complete finished with '0'
[2.025s] DEBUG:colcon.colcon_core.event_reactor:joining thread
[2.047s] INFO:colcon.colcon_core.plugin_system:Skipping extension 'colcon_notification.desktop_notification.terminal_notifier': Not used on non-Darwin systems
[2.047s] INFO:colcon.colcon_core.plugin_system:Skipping extension 'colcon_notification.desktop_notification.win32': Not used on non-Windows systems
[2.047s] INFO:colcon.colcon_notification.desktop_notification:Sending desktop notification using 'notify2'
[2.178s] DEBUG:colcon.colcon_core.event_reactor:joined thread
[2.179s] INFO:colcon.colcon_core.shell:Creating prefix script '/home/youssefchebil/dev_ws/install/local_setup.sh'
[2.181s] INFO:colcon.colcon_core.shell:Creating prefix util module '/home/youssefchebil/dev_ws/install/_local_setup_util_sh.py'
[2.183s] INFO:colcon.colcon_core.shell:Creating prefix chain script '/home/youssefchebil/dev_ws/install/setup.sh'
[2.186s] INFO:colcon.colcon_core.shell:Creating prefix script '/home/youssefchebil/dev_ws/install/local_setup.bash'
[2.188s] INFO:colcon.colcon_core.shell:Creating prefix chain script '/home/youssefchebil/dev_ws/install/setup.bash'
[2.190s] INFO:colcon.colcon_core.shell:Creating prefix script '/home/youssefchebil/dev_ws/install/local_setup.zsh'
[2.192s] INFO:colcon.colcon_core.shell:Creating prefix chain script '/home/youssefchebil/dev_ws/install/setup.zsh'
