-- Found ament_cmake: 2.5.2 (/home/youssefchebil/ros2_jazzy_linux/ros2-linux/share/ament_cmake/cmake)
-- Override CMake install command with custom implementation using symlinks instead of copying resources
-- Found rclcpp: 28.1.5 (/home/youssefchebil/ros2_jazzy_linux/ros2-linux/share/rclcpp/cmake)
-- Found rosidl_generator_c: 4.6.4 (/home/youssefchebil/ros2_jazzy_linux/ros2-linux/share/rosidl_generator_c/cmake)
-- Found rosidl_generator_cpp: 4.6.4 (/home/youssefchebil/ros2_jazzy_linux/ros2-linux/share/rosidl_generator_cpp/cmake)
-- Using all available rosidl_typesupport_c: rosidl_typesupport_fastrtps_c;rosidl_typesupport_introspection_c
-- Using all available rosidl_typesupport_cpp: rosidl_typesupport_fastrtps_cpp;rosidl_typesupport_introspection_cpp
-- Found rmw_implementation_cmake: 7.3.1 (/home/youssefchebil/ros2_jazzy_linux/ros2-linux/share/rmw_implementation_cmake/cmake)
-- Found rmw_fastrtps_cpp: 8.4.1 (/home/youssefchebil/ros2_jazzy_linux/ros2-linux/share/rmw_fastrtps_cpp/cmake)
-- Found OpenSSL: /usr/lib/x86_64-linux-gnu/libcrypto.so (found version "3.0.13")  
-- Found FastRTPS: /home/youssefchebil/ros2_jazzy_linux/ros2-linux/include (Required is at least version "2.13") 
-- Using RMW implementation 'rmw_fastrtps_cpp' as default
-- Found std_msgs: 5.3.5 (/home/youssefchebil/ros2_jazzy_linux/ros2-linux/share/std_msgs/cmake)
-- Found ament_lint_auto: 0.17.1 (/home/youssefchebil/ros2_jazzy_linux/ros2-linux/share/ament_lint_auto/cmake)
-- Added test 'flake8' to check Python code syntax and style conventions
-- Configured 'flake8' exclude dirs and/or files: 
-- Added test 'lint_cmake' to check CMake code style
-- Added test 'pep257' to check Python code against some of the docstring style conventions in PEP 257
-- Added test 'xmllint' to check XML markup files
-- Configuring done (0.9s)
-- Generating done (0.0s)
-- Build files have been written to: /home/youssefchebil/dev_ws/build/first_package
