[0.018s] Invoking command in '/home/youssefchebil/dev_ws/build/first_package': CMAKE_PREFIX_PATH=${CMAKE_PREFIX_PATH}:/opt/ros/jazzy DEBUGINFOD_URLS=https://debuginfod.ubuntu.com /usr/bin/cmake --build /home/youssefchebil/dev_ws/build/first_package -- -j5 -l5
[0.043s] -- Found ament_cmake: 2.5.2 (/home/youssefchebil/ros2_jazzy_linux/ros2-linux/share/ament_cmake/cmake)
[0.202s] -- Override CMake install command with custom implementation using symlinks instead of copying resources
[0.217s] -- Found rclcpp: 28.1.5 (/home/youssefchebil/ros2_jazzy_linux/ros2-linux/share/rclcpp/cmake)
[0.290s] -- Found rosidl_generator_c: 4.6.4 (/home/youssefchebil/ros2_jazzy_linux/ros2-linux/share/rosidl_generator_c/cmake)
[0.314s] -- Found rosidl_generator_cpp: 4.6.4 (/home/youssefchebil/ros2_jazzy_linux/ros2-linux/share/rosidl_generator_cpp/cmake)
[0.348s] -- Using all available rosidl_typesupport_c: rosidl_typesupport_fastrtps_c;rosidl_typesupport_introspection_c
[0.379s] -- Using all available rosidl_typesupport_cpp: rosidl_typesupport_fastrtps_cpp;rosidl_typesupport_introspection_cpp
[0.514s] -- Found rmw_implementation_cmake: 7.3.1 (/home/youssefchebil/ros2_jazzy_linux/ros2-linux/share/rmw_implementation_cmake/cmake)
[0.521s] -- Found rmw_fastrtps_cpp: 8.4.1 (/home/youssefchebil/ros2_jazzy_linux/ros2-linux/share/rmw_fastrtps_cpp/cmake)
[0.663s] -- Found OpenSSL: /usr/lib/x86_64-linux-gnu/libcrypto.so (found version "3.0.13")  
[0.680s] -- Found FastRTPS: /home/youssefchebil/ros2_jazzy_linux/ros2-linux/include (Required is at least version "2.13") 
[0.698s] -- Using RMW implementation 'rmw_fastrtps_cpp' as default
[0.807s] -- Found std_msgs: 5.3.5 (/home/youssefchebil/ros2_jazzy_linux/ros2-linux/share/std_msgs/cmake)
[0.832s] -- Found ament_lint_auto: 0.17.1 (/home/youssefchebil/ros2_jazzy_linux/ros2-linux/share/ament_lint_auto/cmake)
[0.900s] -- Added test 'flake8' to check Python code syntax and style conventions
[0.901s] -- Configured 'flake8' exclude dirs and/or files: 
[0.901s] -- Added test 'lint_cmake' to check CMake code style
[0.901s] -- Added test 'pep257' to check Python code against some of the docstring style conventions in PEP 257
[0.901s] -- Added test 'xmllint' to check XML markup files
[0.901s] -- Configuring done (0.9s)
[0.910s] -- Generating done (0.0s)
[0.917s] -- Build files have been written to: /home/youssefchebil/dev_ws/build/first_package
