[0.025s] Invoking command in '/home/youssefchebil/dev_ws/build/gazebo_msgs': DEBUGINFOD_URLS=https://debuginfod.ubuntu.com /usr/bin/cmake /home/youssefchebil/dev_ws/src/gazebo_ros_pkgs/gazebo_msgs -DCATKIN_INSTALL_INTO_PREFIX_ROOT=0 -DCATKIN_SYMLINK_INSTALL=ON -DCMAKE_INSTALL_PREFIX=/home/youssefchebil/dev_ws/install/gazebo_msgs
[0.031s] [0mCMake Deprecation Warning at CMakeLists.txt:1 (cmake_minimum_required):
[0.031s]   Compatibility with CMake < 3.5 will be removed from a future version of
[0.031s]   CMake.
[0.031s] 
[0.031s]   Update the VERSION argument <min> value or use a ...<max> suffix to tell
[0.031s]   CMake that the project does not need compatibility with older versions.
[0.031s] 
[0.031s] [0m
[0.045s] -- Configuring incomplete, errors occurred!
[0.045s] [31mCMake Error at CMakeLists.txt:4 (find_package):
[0.045s]   By not providing "Findcatkin.cmake" in CMAKE_MODULE_PATH this project has
[0.045s]   asked CMake to find a package configuration file provided by "catkin", but
[0.045s]   CMake did not find one.
[0.045s] 
[0.045s]   Could not find a package configuration file provided by "catkin" with any
[0.045s]   of the following names:
[0.045s] 
[0.045s]     catkinConfig.cmake
[0.045s]     catkin-config.cmake
[0.045s] 
[0.045s]   Add the installation prefix of "catkin" to CMAKE_PREFIX_PATH or set
[0.045s]   "catkin_DIR" to a directory containing one of the above files.  If "catkin"
[0.045s]   provides a separate development package or SDK, be sure it has been
[0.046s]   installed.
[0.046s] 
[0.046s] [0m
[0.047s] Invoked command in '/home/youssefchebil/dev_ws/build/gazebo_msgs' returned '1': DEBUGINFOD_URLS=https://debuginfod.ubuntu.com /usr/bin/cmake /home/youssefchebil/dev_ws/src/gazebo_ros_pkgs/gazebo_msgs -DCATKIN_INSTALL_INTO_PREFIX_ROOT=0 -DCATKIN_SYMLINK_INSTALL=ON -DCMAKE_INSTALL_PREFIX=/home/youssefchebil/dev_ws/install/gazebo_msgs
