-- Install configuration: ""
-- Execute custom install script
-- Symlinking: /home/youssefchebil/dev_ws/install/first_package/share/first_package/launch/display.launch
-- Up-to-date symlink: /home/youssefchebil/dev_ws/install/first_package/share/first_package/launch/listener.launch.py
-- Up-to-date symlink: /home/youssefchebil/dev_ws/install/first_package/share/first_package/launch/talker.launch.py
-- Up-to-date symlink: /home/youssefchebil/dev_ws/install/first_package/share/ament_index/resource_index/package_run_dependencies/first_package
-- Up-to-date symlink: /home/youssefchebil/dev_ws/install/first_package/share/ament_index/resource_index/parent_prefix_path/first_package
-- Up-to-date symlink: /home/youssefchebil/dev_ws/install/first_package/share/first_package/environment/ament_prefix_path.sh
-- Up-to-date symlink: /home/youssefchebil/dev_ws/install/first_package/share/first_package/environment/ament_prefix_path.dsv
-- Up-to-date symlink: /home/youssefchebil/dev_ws/install/first_package/share/first_package/environment/path.sh
-- Up-to-date symlink: /home/youssefchebil/dev_ws/install/first_package/share/first_package/environment/path.dsv
-- Up-to-date symlink: /home/youssefchebil/dev_ws/install/first_package/share/first_package/local_setup.bash
-- Up-to-date symlink: /home/youssefchebil/dev_ws/install/first_package/share/first_package/local_setup.sh
-- Up-to-date symlink: /home/youssefchebil/dev_ws/install/first_package/share/first_package/local_setup.zsh
-- Up-to-date symlink: /home/youssefchebil/dev_ws/install/first_package/share/first_package/local_setup.dsv
-- Symlinking: /home/youssefchebil/dev_ws/install/first_package/share/first_package/package.dsv
-- Up-to-date symlink: /home/youssefchebil/dev_ws/install/first_package/share/ament_index/resource_index/packages/first_package
-- Up-to-date symlink: /home/youssefchebil/dev_ws/install/first_package/share/first_package/cmake/first_packageConfig.cmake
-- Up-to-date symlink: /home/youssefchebil/dev_ws/install/first_package/share/first_package/cmake/first_packageConfig-version.cmake
-- Up-to-date symlink: /home/youssefchebil/dev_ws/install/first_package/share/first_package/package.xml
